running egg_info
creating ../../build/pubsub_pypkg/pubsub_pypkg.egg-info
writing ../../build/pubsub_pypkg/pubsub_pypkg.egg-info/PKG-INFO
writing dependency_links to ../../build/pubsub_pypkg/pubsub_pypkg.egg-info/dependency_links.txt
writing entry points to ../../build/pubsub_pypkg/pubsub_pypkg.egg-info/entry_points.txt
writing requirements to ../../build/pubsub_pypkg/pubsub_pypkg.egg-info/requires.txt
writing top-level names to ../../build/pubsub_pypkg/pubsub_pypkg.egg-info/top_level.txt
writing manifest file '../../build/pubsub_pypkg/pubsub_pypkg.egg-info/SOURCES.txt'
reading manifest file '../../build/pubsub_pypkg/pubsub_pypkg.egg-info/SOURCES.txt'
writing manifest file '../../build/pubsub_pypkg/pubsub_pypkg.egg-info/SOURCES.txt'
running build
running build_py
creating /home/user/ros2_ws/build/pubsub_pypkg/build
creating /home/user/ros2_ws/build/pubsub_pypkg/build/lib
creating /home/user/ros2_ws/build/pubsub_pypkg/build/lib/pubsub_pypkg
copying pubsub_pypkg/__init__.py -> /home/user/ros2_ws/build/pubsub_pypkg/build/lib/pubsub_pypkg
copying pubsub_pypkg/server.py -> /home/user/ros2_ws/build/pubsub_pypkg/build/lib/pubsub_pypkg
running install
running install_lib
creating /home/user/ros2_ws/install/pubsub_pypkg/lib/python3.8/site-packages/pubsub_pypkg
copying /home/user/ros2_ws/build/pubsub_pypkg/build/lib/pubsub_pypkg/__init__.py -> /home/user/ros2_ws/install/pubsub_pypkg/lib/python3.8/site-packages/pubsub_pypkg
copying /home/user/ros2_ws/build/pubsub_pypkg/build/lib/pubsub_pypkg/server.py -> /home/user/ros2_ws/install/pubsub_pypkg/lib/python3.8/site-packages/pubsub_pypkg
byte-compiling /home/user/ros2_ws/install/pubsub_pypkg/lib/python3.8/site-packages/pubsub_pypkg/__init__.py to __init__.cpython-38.pyc
byte-compiling /home/user/ros2_ws/install/pubsub_pypkg/lib/python3.8/site-packages/pubsub_pypkg/server.py to server.cpython-38.pyc
running install_data
creating /home/user/ros2_ws/install/pubsub_pypkg/share/ament_index
creating /home/user/ros2_ws/install/pubsub_pypkg/share/ament_index/resource_index
creating /home/user/ros2_ws/install/pubsub_pypkg/share/ament_index/resource_index/packages
copying resource/pubsub_pypkg -> /home/user/ros2_ws/install/pubsub_pypkg/share/ament_index/resource_index/packages
copying package.xml -> /home/user/ros2_ws/install/pubsub_pypkg/share/pubsub_pypkg
running install_egg_info
Copying ../../build/pubsub_pypkg/pubsub_pypkg.egg-info to /home/user/ros2_ws/install/pubsub_pypkg/lib/python3.8/site-packages/pubsub_pypkg-0.0.0-py3.8.egg-info
running install_scripts
Installing Server script to /home/user/ros2_ws/install/pubsub_pypkg/lib/pubsub_pypkg
writing list of installed files to '/home/user/ros2_ws/build/pubsub_pypkg/install.log'
