[0.633s] Invoking command in '/home/user/ros2_ws/build/pubsub_pypkg': PYTHONPATH=/home/user/ros2_ws/install/pubsub_pypkg/lib/python3.8/site-packages:${PYTHONPATH} _=/usr/bin/env /usr/bin/python3 setup.py develop --prefix /home/user/ros2_ws/install/pubsub_pypkg --editable --build-directory /home/user/ros2_ws/build/pubsub_pypkg/build --no-deps install_data --install-dir /home/user/ros2_ws/install/pubsub_pypkg
[1.289s] running develop
[1.662s] running egg_info
[1.662s] writing pubsub_pypkg.egg-info/PKG-INFO
[1.663s] writing dependency_links to pubsub_pypkg.egg-info/dependency_links.txt
[1.663s] writing entry points to pubsub_pypkg.egg-info/entry_points.txt
[1.663s] writing requirements to pubsub_pypkg.egg-info/requires.txt
[1.664s] writing top-level names to pubsub_pypkg.egg-info/top_level.txt
[1.720s] reading manifest file 'pubsub_pypkg.egg-info/SOURCES.txt'
[1.722s] writing manifest file 'pubsub_pypkg.egg-info/SOURCES.txt'
[1.787s] running build_ext
[1.787s] Creating /home/user/ros2_ws/install/pubsub_pypkg/lib/python3.8/site-packages/pubsub-pypkg.egg-link (link to .)
[1.789s] Installing Client script to /home/user/ros2_ws/install/pubsub_pypkg/lib/pubsub_pypkg
[1.789s] Installing Server script to /home/user/ros2_ws/install/pubsub_pypkg/lib/pubsub_pypkg
[1.789s] 
[1.790s] Installed /home/user/ros2_ws/build/pubsub_pypkg
[1.790s] running install_data
[1.790s] creating /home/user/ros2_ws/install/pubsub_pypkg/share/pubsub_pypkg/launch
[1.790s] copying launch/launch.py -> /home/user/ros2_ws/install/pubsub_pypkg/share/pubsub_pypkg/launch
[1.837s] Invoked command in '/home/user/ros2_ws/build/pubsub_pypkg' returned '0': PYTHONPATH=/home/user/ros2_ws/install/pubsub_pypkg/lib/python3.8/site-packages:${PYTHONPATH} _=/usr/bin/env /usr/bin/python3 setup.py develop --prefix /home/user/ros2_ws/install/pubsub_pypkg --editable --build-directory /home/user/ros2_ws/build/pubsub_pypkg/build --no-deps install_data --install-dir /home/user/ros2_ws/install/pubsub_pypkg
