running develop
running egg_info
writing ../../build/pubsub_pypkg/pubsub_pypkg.egg-info/PKG-INFO
writing dependency_links to ../../build/pubsub_pypkg/pubsub_pypkg.egg-info/dependency_links.txt
writing entry points to ../../build/pubsub_pypkg/pubsub_pypkg.egg-info/entry_points.txt
writing requirements to ../../build/pubsub_pypkg/pubsub_pypkg.egg-info/requires.txt
writing top-level names to ../../build/pubsub_pypkg/pubsub_pypkg.egg-info/top_level.txt
reading manifest file '../../build/pubsub_pypkg/pubsub_pypkg.egg-info/SOURCES.txt'
writing manifest file '../../build/pubsub_pypkg/pubsub_pypkg.egg-info/SOURCES.txt'
running build
running build_py
copying pubsub_pypkg/server.py -> /home/user/ros2_ws/build/pubsub_pypkg/build/lib/pubsub_pypkg
running install
running install_lib
copying /home/user/ros2_ws/build/pubsub_pypkg/build/lib/pubsub_pypkg/server.py -> /home/user/ros2_ws/install/pubsub_pypkg/lib/python3.8/site-packages/pubsub_pypkg
byte-compiling /home/user/ros2_ws/install/pubsub_pypkg/lib/python3.8/site-packages/pubsub_pypkg/server.py to server.cpython-38.pyc
running install_data
running install_egg_info
removing '/home/user/ros2_ws/install/pubsub_pypkg/lib/python3.8/site-packages/pubsub_pypkg-0.0.0-py3.8.egg-info' (and everything under it)
Copying ../../build/pubsub_pypkg/pubsub_pypkg.egg-info to /home/user/ros2_ws/install/pubsub_pypkg/lib/python3.8/site-packages/pubsub_pypkg-0.0.0-py3.8.egg-info
running install_scripts
Installing Client script to /home/user/ros2_ws/install/pubsub_pypkg/lib/pubsub_pypkg
Installing Server script to /home/user/ros2_ws/install/pubsub_pypkg/lib/pubsub_pypkg
writing list of installed files to '/home/user/ros2_ws/build/pubsub_pypkg/install.log'
