[0.600s] Invoking command in '/home/user/ros2_ws/src/pubsub_pypkg': PYTHONPATH=/home/user/ros2_ws/install/pubsub_pypkg/lib/python3.8/site-packages:${PYTHONPATH} _=/usr/bin/env /usr/bin/python3 setup.py egg_info --egg-base ../../build/pubsub_pypkg build --build-base /home/user/ros2_ws/build/pubsub_pypkg/build install --prefix /home/user/ros2_ws/install/pubsub_pypkg --record /home/user/ros2_ws/build/pubsub_pypkg/install.log --single-version-externally-managed
[1.141s] running egg_info
[1.142s] writing ../../build/pubsub_pypkg/pubsub_pypkg.egg-info/PKG-INFO
[1.142s] writing dependency_links to ../../build/pubsub_pypkg/pubsub_pypkg.egg-info/dependency_links.txt
[1.142s] writing entry points to ../../build/pubsub_pypkg/pubsub_pypkg.egg-info/entry_points.txt
[1.143s] writing requirements to ../../build/pubsub_pypkg/pubsub_pypkg.egg-info/requires.txt
[1.143s] writing top-level names to ../../build/pubsub_pypkg/pubsub_pypkg.egg-info/top_level.txt
[1.204s] reading manifest file '../../build/pubsub_pypkg/pubsub_pypkg.egg-info/SOURCES.txt'
[1.205s] writing manifest file '../../build/pubsub_pypkg/pubsub_pypkg.egg-info/SOURCES.txt'
[1.205s] running build
[1.206s] running build_py
[1.206s] copying pubsub_pypkg/server.py -> /home/user/ros2_ws/build/pubsub_pypkg/build/lib/pubsub_pypkg
[1.206s] running install
[1.207s] running install_lib
[1.209s] copying /home/user/ros2_ws/build/pubsub_pypkg/build/lib/pubsub_pypkg/server.py -> /home/user/ros2_ws/install/pubsub_pypkg/lib/python3.8/site-packages/pubsub_pypkg
[1.210s] byte-compiling /home/user/ros2_ws/install/pubsub_pypkg/lib/python3.8/site-packages/pubsub_pypkg/server.py to server.cpython-38.pyc
[1.211s] running install_data
[1.212s] running install_egg_info
[1.215s] removing '/home/user/ros2_ws/install/pubsub_pypkg/lib/python3.8/site-packages/pubsub_pypkg-0.0.0-py3.8.egg-info' (and everything under it)
[1.215s] Copying ../../build/pubsub_pypkg/pubsub_pypkg.egg-info to /home/user/ros2_ws/install/pubsub_pypkg/lib/python3.8/site-packages/pubsub_pypkg-0.0.0-py3.8.egg-info
[1.217s] running install_scripts
[1.247s] Installing Server script to /home/user/ros2_ws/install/pubsub_pypkg/lib/pubsub_pypkg
[1.247s] writing list of installed files to '/home/user/ros2_ws/build/pubsub_pypkg/install.log'
[1.283s] Invoked command in '/home/user/ros2_ws/src/pubsub_pypkg' returned '0': PYTHONPATH=/home/user/ros2_ws/install/pubsub_pypkg/lib/python3.8/site-packages:${PYTHONPATH} _=/usr/bin/env /usr/bin/python3 setup.py egg_info --egg-base ../../build/pubsub_pypkg build --build-base /home/user/ros2_ws/build/pubsub_pypkg/build install --prefix /home/user/ros2_ws/install/pubsub_pypkg --record /home/user/ros2_ws/build/pubsub_pypkg/install.log --single-version-externally-managed
